<?xml version="1.0" encoding="UTF-8"?>
<coverage generated="1788223468654" clover="3.2.0">
  <project timestamp="1788223468654" name="All files">
    <metrics statements="136" coveredstatements="103" conditionals="66" coveredconditionals="50" methods="46" coveredmethods="34" elements="248" coveredelements="187" complexity="0" loc="136" ncloc="136" packages="9" files="16" classes="16"/>
    <package name="app.components.home">
      <metrics statements="42" coveredstatements="20" conditionals="21" coveredconditionals="12" methods="14" coveredmethods="6"/>
      <file name="file-input.tsx" path="/workspace/soundconvert/services/frontend/app/components/home/file-input.tsx">
        <metrics statements="33" coveredstatements="11" conditionals="14" coveredconditionals="5" methods="11" coveredmethods="3"/>
        <line num="7" count="1" type="stmt"/>
        <line num="10" count="0" type="stmt"/>
        <line num="11" count="0" type="stmt"/>
        <line num="13" count="0" type="stmt"/>
        <line num="17" count="0" type="stmt"/>
        <line num="18" count="0" type="stmt"/>
        <line num="19" count="0" type="cond" truecount="0" falsecount="2"/>
        <line num="20" count="0" type="stmt"/>
        <line num="23" count="0" type="stmt"/>
        <line num="27" count="1" type="stmt"/>
        <line num="28" count="1" type="stmt"/>
        <line num="33" count="1" type="stmt"/>
        <line num="34" count="1" type="stmt"/>
        <line num="35" count="1" type="stmt"/>
        <line num="36" count="1" type="stmt"/>
        <line num="37" count="1" type="stmt"/>
        <line num="38" count="1" type="stmt"/>
        <line num="43" count="0" type="cond" truecount="0" falsecount="2"/>
        <line num="44" count="0" type="cond" truecount="0" falsecount="2"/>
        <line num="48" count="0" type="stmt"/>
        <line num="49" count="0" type="stmt"/>
        <line num="53" count="0" type="stmt"/>
        <line num="54" count="0" type="stmt"/>
        <line num="55" count="0" type="stmt"/>
        <line num="56" count="0" type="cond" truecount="0" falsecount="2"/>
        <line num="57" count="0" type="stmt"/>
        <line num="61" count="0" type="stmt"/>
        <line num="62" count="0" type="stmt"/>
        <line num="66" count="0" type="stmt"/>
        <line num="70" count="0" type="stmt"/>
        <line num="73" count="1" type="stmt"/>
        <line num="74" count="0" type="stmt"/>
        <line num="82" count="1" type="stmt"/>
      </file>
      <file name="home.tsx" path="/workspace/soundconvert/services/frontend/app/components/home/home.tsx">
        <metrics statements="8" coveredstatements="8" conditionals="7" coveredconditionals="7" methods="2" coveredmethods="2"/>
        <line num="8" count="6" type="stmt"/>
        <line num="9" count="6" type="stmt"/>
        <line num="10" count="6" type="stmt"/>
        <line num="13" count="1" type="stmt"/>
        <line num="14" count="1" type="stmt"/>
        <line num="15" count="1" type="stmt"/>
        <line num="16" count="1" type="stmt"/>
        <line num="19" count="6" type="stmt"/>
      </file>
      <file name="spinner.tsx" path="/workspace/soundconvert/services/frontend/app/components/home/spinner.tsx">
        <metrics statements="1" coveredstatements="1" conditionals="0" coveredconditionals="0" methods="1" coveredmethods="1"/>
        <line num="2" count="2" type="stmt"/>
      </file>
    </package>
    <package name="app.components.jobs">
      <metrics statements="24" coveredstatements="21" conditionals="22" coveredconditionals="21" methods="12" coveredmethods="9"/>
      <file name="job-action.tsx" path="/workspace/soundconvert/services/frontend/app/components/jobs/job-action.tsx">
        <metrics statements="3" coveredstatements="3" conditionals="4" coveredconditionals="4" methods="1" coveredmethods="1"/>
        <line num="10" count="10" type="stmt"/>
        <line num="12" count="10" type="stmt"/>
        <line num="14" count="10" type="stmt"/>
      </file>
      <file name="job-check.tsx" path="/workspace/soundconvert/services/frontend/app/components/jobs/job-check.tsx">
        <metrics statements="5" coveredstatements="5" conditionals="4" coveredconditionals="4" methods="2" coveredmethods="1"/>
        <line num="10" count="2" type="stmt"/>
        <line num="11" count="2" type="stmt"/>
        <line num="12" count="2" type="stmt"/>
        <line num="13" count="2" type="stmt"/>
        <line num="15" count="2" type="stmt"/>
      </file>
      <file name="job-list.tsx" path="/workspace/soundconvert/services/frontend/app/components/jobs/job-list.tsx">
        <metrics statements="3" coveredstatements="3" conditionals="4" coveredconditionals="4" methods="3" coveredmethods="3"/>
        <line num="13" count="4" type="stmt"/>
        <line num="16" count="3" type="stmt"/>
        <line num="20" count="12" type="stmt"/>
      </file>
      <file name="job.tsx" path="/workspace/soundconvert/services/frontend/app/components/jobs/job.tsx">
        <metrics statements="11" coveredstatements="8" conditionals="10" coveredconditionals="9" methods="5" coveredmethods="3"/>
        <line num="15" count="6" type="stmt"/>
        <line num="16" count="6" type="stmt"/>
        <line num="17" count="6" type="stmt"/>
        <line num="18" count="6" type="cond" truecount="2" falsecount="0"/>
        <line num="20" count="6" type="stmt"/>
        <line num="21" count="3" type="stmt"/>
        <line num="33" count="0" type="stmt"/>
        <line num="34" count="0" type="stmt"/>
        <line num="37" count="6" type="stmt"/>
        <line num="43" count="0" type="stmt"/>
        <line num="54" count="12" type="stmt"/>
      </file>
      <file name="label-text.tsx" path="/workspace/soundconvert/services/frontend/app/components/jobs/label-text.tsx">
        <metrics statements="2" coveredstatements="2" conditionals="0" coveredconditionals="0" methods="1" coveredmethods="1"/>
        <line num="9" count="13" type="stmt"/>
        <line num="10" count="13" type="stmt"/>
      </file>
    </package>
    <package name="app.components.nav">
      <metrics statements="2" coveredstatements="2" conditionals="0" coveredconditionals="0" methods="2" coveredmethods="2"/>
      <file name="nav-button.tsx" path="/workspace/soundconvert/services/frontend/app/components/nav/nav-button.tsx">
        <metrics statements="1" coveredstatements="1" conditionals="0" coveredconditionals="0" methods="1" coveredmethods="1"/>
        <line num="9" count="3" type="stmt"/>
      </file>
      <file name="nav.tsx" path="/workspace/soundconvert/services/frontend/app/components/nav/nav.tsx">
        <metrics statements="1" coveredstatements="1" conditionals="0" coveredconditionals="0" methods="1" coveredmethods="1"/>
        <line num="4" count="1" type="stmt"/>
      </file>
    </package>
    <package name="app.routes">
      <metrics statements="21" coveredstatements="20" conditionals="2" coveredconditionals="1" methods="7" coveredmethods="6"/>
      <file name="sse.tsx" path="/workspace/soundconvert/services/frontend/app/routes/sse.tsx">
        <metrics statements="21" coveredstatements="20" conditionals="2" coveredconditionals="1" methods="7" coveredmethods="6"/>
        <line num="11" count="1" type="stmt"/>
        <line num="13" count="1" type="stmt"/>
        <line num="14" count="1" type="stmt"/>
        <line num="15" count="1" type="stmt"/>
        <line num="16" count="1" type="stmt"/>
        <line num="17" count="1" type="stmt"/>
        <line num="18" count="1" type="stmt"/>
        <line num="19" count="1" type="stmt"/>
        <line num="23" count="1" type="stmt"/>
        <line num="26" count="0" type="stmt"/>
        <line num="29" count="1" type="stmt"/>
        <line num="30" count="1" type="stmt"/>
        <line num="32" count="1" type="stmt"/>
        <line num="33" count="1" type="cond" truecount="1" falsecount="1"/>
        <line num="34" count="1" type="stmt"/>
        <line num="36" count="1" type="stmt"/>
        <line num="37" count="1" type="stmt"/>
        <line num="38" count="1" type="stmt"/>
        <line num="39" count="1" type="stmt"/>
        <line num="40" count="1" type="stmt"/>
        <line num="45" count="1" type="stmt"/>
      </file>
    </package>
    <package name="app.services.env">
      <metrics statements="13" coveredstatements="10" conditionals="8" coveredconditionals="5" methods="1" coveredmethods="1"/>
      <file name="env.ts" path="/workspace/soundconvert/services/frontend/app/services/env/env.ts">
        <metrics statements="13" coveredstatements="10" conditionals="8" coveredconditionals="5" methods="1" coveredmethods="1"/>
        <line num="1" count="1" type="stmt"/>
        <line num="2" count="1" type="stmt"/>
        <line num="4" count="1" type="stmt"/>
        <line num="5" count="1" type="stmt"/>
        <line num="8" count="0" type="stmt"/>
        <line num="11" count="1" type="stmt"/>
        <line num="12" count="1" type="stmt"/>
        <line num="14" count="1" type="cond" truecount="2" falsecount="2"/>
        <line num="15" count="1" type="cond" truecount="3" falsecount="1"/>
        <line num="16" count="0" type="stmt"/>
        <line num="17" count="0" type="stmt"/>
        <line num="20" count="1" type="stmt"/>
        <line num="23" count="1" type="stmt"/>
      </file>
    </package>
    <package name="app.services.upload">
      <metrics statements="16" coveredstatements="13" conditionals="6" coveredconditionals="6" methods="2" coveredmethods="2"/>
      <file name="upload.ts" path="/workspace/soundconvert/services/frontend/app/services/upload/upload.ts">
        <metrics statements="16" coveredstatements="13" conditionals="6" coveredconditionals="6" methods="2" coveredmethods="2"/>
        <line num="3" count="1" type="stmt"/>
        <line num="6" count="3" type="stmt"/>
        <line num="10" count="4" type="stmt"/>
        <line num="11" count="8" type="stmt"/>
        <line num="14" count="4" type="stmt"/>
        <line num="16" count="4" type="stmt"/>
        <line num="17" count="4" type="stmt"/>
        <line num="19" count="0" type="stmt"/>
        <line num="20" count="0" type="stmt"/>
        <line num="21" count="0" type="stmt"/>
        <line num="24" count="4" type="cond" truecount="4" falsecount="0"/>
        <line num="25" count="3" type="stmt"/>
        <line num="26" count="3" type="stmt"/>
        <line num="27" count="3" type="cond" truecount="2" falsecount="0"/>
        <line num="29" count="1" type="stmt"/>
        <line num="31" count="2" type="stmt"/>
      </file>
    </package>
    <package name="app.state">
      <metrics statements="12" coveredstatements="11" conditionals="3" coveredconditionals="2" methods="6" coveredmethods="6"/>
      <file name="jobs-context.tsx" path="/workspace/soundconvert/services/frontend/app/state/jobs-context.tsx">
        <metrics statements="12" coveredstatements="11" conditionals="3" coveredconditionals="2" methods="6" coveredmethods="6"/>
        <line num="18" count="2" type="cond" truecount="2" falsecount="1"/>
        <line num="20" count="3" type="stmt"/>
        <line num="23" count="1" type="stmt"/>
        <line num="24" count="1" type="stmt"/>
        <line num="25" count="1" type="stmt"/>
        <line num="28" count="0" type="stmt"/>
        <line num="33" count="3" type="stmt"/>
        <line num="34" count="3" type="stmt"/>
        <line num="37" count="2" type="stmt"/>
        <line num="39" count="2" type="stmt"/>
        <line num="47" count="4" type="stmt"/>
        <line num="51" count="8" type="stmt"/>
      </file>
    </package>
    <package name="app.utils">
      <metrics statements="1" coveredstatements="1" conditionals="2" coveredconditionals="2" methods="1" coveredmethods="1"/>
      <file name="error.ts" path="/workspace/soundconvert/services/frontend/app/utils/error.ts">
        <metrics statements="1" coveredstatements="1" conditionals="2" coveredconditionals="2" methods="1" coveredmethods="1"/>
        <line num="2" count="2" type="cond" truecount="2" falsecount="0"/>
      </file>
    </package>
    <package name="tests.components">
      <metrics statements="5" coveredstatements="5" conditionals="2" coveredconditionals="1" methods="1" coveredmethods="1"/>
      <file name="job-factory.ts" path="/workspace/soundconvert/services/frontend/tests/components/job-factory.ts">
        <metrics statements="5" coveredstatements="5" conditionals="2" coveredconditionals="1" methods="1" coveredmethods="1"/>
        <line num="3" count="2" type="stmt"/>
        <line num="17" count="2" type="stmt"/>
        <line num="18" count="2" type="stmt"/>
        <line num="19" count="12" type="stmt"/>
        <line num="25" count="2" type="stmt"/>
      </file>
    </package>
  </project>
</coverage>
