{"/workspace/soundconvert/services/frontend/app/components/home/file-input.tsx": {"path":"/workspace/soundconvert/services/frontend/app/components/home/file-input.tsx","statementMap":{"0":{"start":{"line":7,"column":20},"end":{"line":7,"column":null}},"1":{"start":{"line":10,"column":2},"end":{"line":12,"column":null}},"2":{"start":{"line":11,"column":4},"end":{"line":11,"column":null}},"3":{"start":{"line":13,"column":2},"end":{"line":13,"column":null}},"4":{"start":{"line":17,"column":23},"end":{"line":17,"column":null}},"5":{"start":{"line":18,"column":2},"end":{"line":22,"column":null}},"6":{"start":{"line":19,"column":4},"end":{"line":21,"column":null}},"7":{"start":{"line":20,"column":6},"end":{"line":20,"column":null}},"8":{"start":{"line":23,"column":2},"end":{"line":23,"column":null}},"9":{"start":{"line":27,"column":28},"end":{"line":27,"column":null}},"10":{"start":{"line":28,"column":15},"end":{"line":31,"column":null}},"11":{"start":{"line":33,"column":2},"end":{"line":40,"column":null}},"12":{"start":{"line":34,"column":4},"end":{"line":34,"column":null}},"13":{"start":{"line":35,"column":4},"end":{"line":35,"column":null}},"14":{"start":{"line":36,"column":4},"end":{"line":39,"column":null}},"15":{"start":{"line":37,"column":6},"end":{"line":37,"column":null}},"16":{"start":{"line":38,"column":6},"end":{"line":38,"column":null}},"17":{"start":{"line":43,"column":4},"end":{"line":43,"column":null}},"18":{"start":{"line":43,"column":25},"end":{"line":43,"column":null}},"19":{"start":{"line":44,"column":4},"end":{"line":44,"column":null}},"20":{"start":{"line":44,"column":39},"end":{"line":44,"column":null}},"21":{"start":{"line":48,"column":18},"end":{"line":48,"column":null}},"22":{"start":{"line":49,"column":4},"end":{"line":49,"column":null}},"23":{"start":{"line":53,"column":17},"end":{"line":53,"column":null}},"24":{"start":{"line":54,"column":25},"end":{"line":54,"column":null}},"25":{"start":{"line":55,"column":4},"end":{"line":59,"column":null}},"26":{"start":{"line":55,"column":17},"end":{"line":55,"column":20}},"27":{"start":{"line":56,"column":6},"end":{"line":58,"column":null}},"28":{"start":{"line":57,"column":8},"end":{"line":57,"column":null}},"29":{"start":{"line":61,"column":4},"end":{"line":61,"column":null}},"30":{"start":{"line":62,"column":4},"end":{"line":62,"column":null}},"31":{"start":{"line":66,"column":4},"end":{"line":66,"column":null}},"32":{"start":{"line":70,"column":4},"end":{"line":70,"column":null}},"33":{"start":{"line":73,"column":20},"end":{"line":80,"column":null}},"34":{"start":{"line":74,"column":4},"end":{"line":79,"column":null}},"35":{"start":{"line":82,"column":2},"end":{"line":93,"column":null}}},"fnMap":{"0":{"name":"hasFile","decl":{"start":{"line":9,"column":9},"end":{"line":9,"column":17}},"loc":{"start":{"line":9,"column":55},"end":{"line":14,"column":null}},"line":9},"1":{"name":"filterWavs","decl":{"start":{"line":16,"column":9},"end":{"line":16,"column":20}},"loc":{"start":{"line":16,"column":37},"end":{"line":24,"column":null}},"line":16},"2":{"name":"FileInput","decl":{"start":{"line":26,"column":24},"end":{"line":26,"column":34}},"loc":{"start":{"line":26,"column":68},"end":{"line":95,"column":null}},"line":26},"3":{"name":"(anonymous_3)","decl":{"start":{"line":33,"column":2},"end":{"line":33,"column":18}},"loc":{"start":{"line":33,"column":18},"end":{"line":40,"column":5}},"line":33},"4":{"name":"(anonymous_4)","decl":{"start":{"line":36,"column":4},"end":{"line":36,"column":17}},"loc":{"start":{"line":36,"column":17},"end":{"line":39,"column":null}},"line":36},"5":{"name":"preventDefault","decl":{"start":{"line":42,"column":11},"end":{"line":42,"column":26}},"loc":{"start":{"line":42,"column":40},"end":{"line":45,"column":null}},"line":42},"6":{"name":"onChange","decl":{"start":{"line":47,"column":11},"end":{"line":47,"column":20}},"loc":{"start":{"line":47,"column":60},"end":{"line":50,"column":null}},"line":47},"7":{"name":"updateFiles","decl":{"start":{"line":52,"column":11},"end":{"line":52,"column":23}},"loc":{"start":{"line":52,"column":40},"end":{"line":63,"column":null}},"line":52},"8":{"name":"onDrop","decl":{"start":{"line":65,"column":11},"end":{"line":65,"column":18}},"loc":{"start":{"line":65,"column":38},"end":{"line":67,"column":null}},"line":65},"9":{"name":"onDragOver","decl":{"start":{"line":69,"column":11},"end":{"line":69,"column":22}},"loc":{"start":{"line":69,"column":42},"end":{"line":71,"column":null}},"line":69},"10":{"name":"(anonymous_10)","decl":{"start":{"line":73,"column":26},"end":{"line":73,"column":31}},"loc":{"start":{"line":74,"column":4},"end":{"line":79,"column":null}},"line":74}},"branchMap":{"0":{"loc":{"start":{"line":19,"column":4},"end":{"line":21,"column":null}},"type":"if","locations":[{"start":{"line":19,"column":4},"end":{"line":21,"column":null}},{"start":{},"end":{}}],"line":19},"1":{"loc":{"start":{"line":43,"column":4},"end":{"line":43,"column":null}},"type":"if","locations":[{"start":{"line":43,"column":4},"end":{"line":43,"column":null}},{"start":{},"end":{}}],"line":43},"2":{"loc":{"start":{"line":44,"column":4},"end":{"line":44,"column":null}},"type":"if","locations":[{"start":{"line":44,"column":4},"end":{"line":44,"column":null}},{"start":{},"end":{}}],"line":44},"3":{"loc":{"start":{"line":56,"column":6},"end":{"line":58,"column":null}},"type":"if","locations":[{"start":{"line":56,"column":6},"end":{"line":58,"column":null}},{"start":{},"end":{}}],"line":56},"4":{"loc":{"start":{"line":90,"column":8},"end":{"line":90,"column":null}},"type":"binary-expr","locations":[{"start":{"line":90,"column":8},"end":{"line":90,"column":18}},{"start":{"line":90,"column":18},"end":{"line":90,"column":39}},{"start":{"line":90,"column":39},"end":{"line":90,"column":null}}],"line":90},"5":{"loc":{"start":{"line":91,"column":7},"end":{"line":91,"column":null}},"type":"binary-expr","locations":[{"start":{"line":91,"column":7},"end":{"line":91,"column":16}},{"start":{"line":91,"column":16},"end":{"line":91,"column":36}},{"start":{"line":91,"column":36},"end":{"line":91,"column":null}}],"line":91}},"s":{"0":1,"1":0,"2":0,"3":0,"4":0,"5":0,"6":0,"7":0,"8":0,"9":1,"10":1,"11":1,"12":1,"13":1,"14":1,"15":1,"16":1,"17":0,"18":0,"19":0,"20":0,"21":0,"22":0,"23":0,"24":0,"25":0,"26":0,"27":0,"28":0,"29":0,"30":0,"31":0,"32":0,"33":1,"34":0,"35":1},"f":{"0":0,"1":0,"2":1,"3":1,"4":1,"5":0,"6":0,"7":0,"8":0,"9":0,"10":0},"b":{"0":[0,0],"1":[0,0],"2":[0,0],"3":[0,0],"4":[1,1,1],"5":[1,1,0]},"meta":{"lastBranch":6,"lastFunction":11,"lastStatement":36,"seen":{"s:7:20:7:Infinity":0,"f:9:9:9:17":0,"s:10:2:12:Infinity":1,"s:11:4:11:Infinity":2,"s:13:2:13:Infinity":3,"f:16:9:16:20":1,"s:17:23:17:Infinity":4,"s:18:2:22:Infinity":5,"b:19:4:21:Infinity:undefined:undefined:undefined:undefined":0,"s:19:4:21:Infinity":6,"s:20:6:20:Infinity":7,"s:23:2:23:Infinity":8,"f:26:24:26:34":2,"s:27:28:27:Infinity":9,"s:28:15:31:Infinity":10,"s:33:2:40:Infinity":11,"f:33:2:33:18":3,"s:34:4:34:Infinity":12,"s:35:4:35:Infinity":13,"s:36:4:39:Infinity":14,"f:36:4:36:17":4,"s:37:6:37:Infinity":15,"s:38:6:38:Infinity":16,"f:42:11:42:26":5,"b:43:4:43:Infinity:undefined:undefined:undefined:undefined":1,"s:43:4:43:Infinity":17,"s:43:25:43:Infinity":18,"b:44:4:44:Infinity:undefined:undefined:undefined:undefined":2,"s:44:4:44:Infinity":19,"s:44:39:44:Infinity":20,"f:47:11:47:20":6,"s:48:18:48:Infinity":21,"s:49:4:49:Infinity":22,"f:52:11:52:23":7,"s:53:17:53:Infinity":23,"s:54:25:54:Infinity":24,"s:55:4:59:Infinity":25,"s:55:17:55:20":26,"b:56:6:58:Infinity:undefined:undefined:undefined:undefined":3,"s:56:6:58:Infinity":27,"s:57:8:57:Infinity":28,"s:61:4:61:Infinity":29,"s:62:4:62:Infinity":30,"f:65:11:65:18":8,"s:66:4:66:Infinity":31,"f:69:11:69:22":9,"s:70:4:70:Infinity":32,"s:73:20:80:Infinity":33,"f:73:26:73:31":10,"s:74:4:79:Infinity":34,"s:82:2:93:Infinity":35,"b:90:8:90:18:90:18:90:39:90:39:90:Infinity":4,"b:91:7:91:16:91:16:91:36:91:36:91:Infinity":5},"fnNames":{}}}
,"/workspace/soundconvert/services/frontend/app/components/home/home.tsx": {"path":"/workspace/soundconvert/services/frontend/app/components/home/home.tsx","statementMap":{"0":{"start":{"line":8,"column":41},"end":{"line":8,"column":null}},"1":{"start":{"line":9,"column":28},"end":{"line":9,"column":null}},"2":{"start":{"line":10,"column":24},"end":{"line":10,"column":null}},"3":{"start":{"line":13,"column":16},"end":{"line":13,"column":null}},"4":{"start":{"line":14,"column":4},"end":{"line":14,"column":null}},"5":{"start":{"line":15,"column":4},"end":{"line":15,"column":null}},"6":{"start":{"line":16,"column":4},"end":{"line":16,"column":null}},"7":{"start":{"line":19,"column":2},"end":{"line":35,"column":null}}},"fnMap":{"0":{"name":"Home","decl":{"start":{"line":7,"column":24},"end":{"line":7,"column":31}},"loc":{"start":{"line":7,"column":31},"end":{"line":37,"column":null}},"line":7},"1":{"name":"uploadEvent","decl":{"start":{"line":12,"column":17},"end":{"line":12,"column":29}},"loc":{"start":{"line":12,"column":83},"end":{"line":17,"column":null}},"line":12}},"branchMap":{"0":{"loc":{"start":{"line":26,"column":20},"end":{"line":26,"column":null}},"type":"binary-expr","locations":[{"start":{"line":26,"column":20},"end":{"line":26,"column":33}},{"start":{"line":26,"column":33},"end":{"line":26,"column":null}}],"line":26},"1":{"loc":{"start":{"line":28,"column":11},"end":{"line":29,"column":11}},"type":"binary-expr","locations":[{"start":{"line":28,"column":11},"end":{"line":28,"column":24}},{"start":{"line":28,"column":24},"end":{"line":29,"column":11}}],"line":28},"2":{"loc":{"start":{"line":32,"column":11},"end":{"line":32,"column":null}},"type":"binary-expr","locations":[{"start":{"line":32,"column":11},"end":{"line":32,"column":20}},{"start":{"line":32,"column":20},"end":{"line":32,"column":33}},{"start":{"line":32,"column":33},"end":{"line":32,"column":null}}],"line":32}},"s":{"0":6,"1":6,"2":6,"3":1,"4":1,"5":1,"6":1,"7":6},"f":{"0":6,"1":1},"b":{"0":[6,4],"1":[6,2],"2":[6,6,1]},"meta":{"lastBranch":3,"lastFunction":2,"lastStatement":8,"seen":{"f:7:24:7:31":0,"s:8:41:8:Infinity":0,"s:9:28:9:Infinity":1,"s:10:24:10:Infinity":2,"f:12:17:12:29":1,"s:13:16:13:Infinity":3,"s:14:4:14:Infinity":4,"s:15:4:15:Infinity":5,"s:16:4:16:Infinity":6,"s:19:2:35:Infinity":7,"b:26:20:26:33:26:33:26:Infinity":0,"b:28:11:28:24:28:24:29:11":1,"b:32:11:32:20:32:20:32:33:32:33:32:Infinity":2},"fnNames":{}}}
,"/workspace/soundconvert/services/frontend/app/components/home/spinner.tsx": {"path":"/workspace/soundconvert/services/frontend/app/components/home/spinner.tsx","statementMap":{"0":{"start":{"line":2,"column":2},"end":{"line":20,"column":null}}},"fnMap":{"0":{"name":"Spinner","decl":{"start":{"line":1,"column":16},"end":{"line":1,"column":26}},"loc":{"start":{"line":1,"column":26},"end":{"line":22,"column":null}},"line":1}},"branchMap":{},"s":{"0":2},"f":{"0":2},"b":{},"meta":{"lastBranch":0,"lastFunction":1,"lastStatement":1,"seen":{"f:1:16:1:26":0,"s:2:2:20:Infinity":0},"fnNames":{}}}
,"/workspace/soundconvert/services/frontend/app/components/jobs/job-action.tsx": {"path":"/workspace/soundconvert/services/frontend/app/components/jobs/job-action.tsx","statementMap":{"0":{"start":{"line":10,"column":22},"end":{"line":10,"column":null}},"1":{"start":{"line":12,"column":4},"end":{"line":12,"column":null}},"2":{"start":{"line":14,"column":2},"end":{"line":32,"column":null}}},"fnMap":{"0":{"name":"JobAction","decl":{"start":{"line":9,"column":16},"end":{"line":9,"column":26}},"loc":{"start":{"line":9,"column":61},"end":{"line":34,"column":null}},"line":9}},"branchMap":{"0":{"loc":{"start":{"line":16,"column":7},"end":{"line":21,"column":8}},"type":"binary-expr","locations":[{"start":{"line":16,"column":7},"end":{"line":16,"column":null}},{"start":{"line":17,"column":8},"end":{"line":21,"column":8}}],"line":16},"1":{"loc":{"start":{"line":21,"column":7},"end":{"line":32,"column":null}},"type":"binary-expr","locations":[{"start":{"line":21,"column":7},"end":{"line":21,"column":null}},{"start":{"line":22,"column":8},"end":{"line":32,"column":null}}],"line":21}},"s":{"0":10,"1":10,"2":10},"f":{"0":10},"b":{"0":[10,7],"1":[10,3]},"meta":{"lastBranch":2,"lastFunction":1,"lastStatement":3,"seen":{"f:9:16:9:26":0,"s:10:22:10:Infinity":0,"s:12:4:12:Infinity":1,"s:14:2:32:Infinity":2,"b:16:7:16:Infinity:17:8:21:8":0,"b:21:7:21:Infinity:22:8:32:Infinity":1},"fnNames":{}}}
,"/workspace/soundconvert/services/frontend/app/components/jobs/job-check.tsx": {"path":"/workspace/soundconvert/services/frontend/app/components/jobs/job-check.tsx","statementMap":{"0":{"start":{"line":10,"column":22},"end":{"line":10,"column":null}},"1":{"start":{"line":11,"column":18},"end":{"line":11,"column":null}},"2":{"start":{"line":12,"column":15},"end":{"line":12,"column":23}},"3":{"start":{"line":13,"column":21},"end":{"line":13,"column":null}},"4":{"start":{"line":13,"column":42},"end":{"line":13,"column":67}},"5":{"start":{"line":15,"column":2},"end":{"line":30,"column":null}}},"fnMap":{"0":{"name":"JobCheck","decl":{"start":{"line":9,"column":24},"end":{"line":9,"column":33}},"loc":{"start":{"line":9,"column":67},"end":{"line":32,"column":null}},"line":9},"1":{"name":"(anonymous_1)","decl":{"start":{"line":13,"column":27},"end":{"line":13,"column":33}},"loc":{"start":{"line":13,"column":42},"end":{"line":13,"column":67}},"line":13}},"branchMap":{"0":{"loc":{"start":{"line":17,"column":7},"end":{"line":22,"column":15}},"type":"binary-expr","locations":[{"start":{"line":17,"column":7},"end":{"line":17,"column":null}},{"start":{"line":18,"column":8},"end":{"line":22,"column":15}}],"line":17},"1":{"loc":{"start":{"line":22,"column":7},"end":{"line":30,"column":null}},"type":"binary-expr","locations":[{"start":{"line":22,"column":7},"end":{"line":22,"column":null}},{"start":{"line":23,"column":8},"end":{"line":30,"column":null}}],"line":22}},"s":{"0":2,"1":2,"2":2,"3":2,"4":0,"5":2},"f":{"0":2,"1":0},"b":{"0":[2,1],"1":[2,1]},"meta":{"lastBranch":2,"lastFunction":2,"lastStatement":6,"seen":{"f:9:24:9:33":0,"s:10:22:10:Infinity":0,"s:11:18:11:Infinity":1,"s:12:15:12:23":2,"s:13:21:13:Infinity":3,"f:13:27:13:33":1,"s:13:42:13:67":4,"s:15:2:30:Infinity":5,"b:17:7:17:Infinity:18:8:22:15":0,"b:22:7:22:Infinity:23:8:30:Infinity":1},"fnNames":{}}}
,"/workspace/soundconvert/services/frontend/app/components/jobs/job-list.tsx": {"path":"/workspace/soundconvert/services/frontend/app/components/jobs/job-list.tsx","statementMap":{"0":{"start":{"line":13,"column":6},"end":{"line":13,"column":null}},"1":{"start":{"line":13,"column":38},"end":{"line":13,"column":null}},"2":{"start":{"line":16,"column":2},"end":{"line":29,"column":null}},"3":{"start":{"line":20,"column":10},"end":{"line":22,"column":null}}},"fnMap":{"0":{"name":"(anonymous_0)","decl":{"start":{"line":13,"column":6},"end":{"line":13,"column":21}},"loc":{"start":{"line":13,"column":38},"end":{"line":13,"column":null}},"line":13},"1":{"name":"JobList","decl":{"start":{"line":15,"column":24},"end":{"line":15,"column":32}},"loc":{"start":{"line":15,"column":84},"end":{"line":31,"column":null}},"line":15},"2":{"name":"(anonymous_2)","decl":{"start":{"line":19,"column":14},"end":{"line":19,"column":19}},"loc":{"start":{"line":20,"column":10},"end":{"line":22,"column":null}},"line":20}},"branchMap":{"0":{"loc":{"start":{"line":26,"column":9},"end":{"line":26,"column":null}},"type":"cond-expr","locations":[{"start":{"line":26,"column":23},"end":{"line":26,"column":85}},{"start":{"line":26,"column":73},"end":{"line":26,"column":null}}],"line":26},"1":{"loc":{"start":{"line":27,"column":9},"end":{"line":27,"column":null}},"type":"cond-expr","locations":[{"start":{"line":27,"column":19},"end":{"line":27,"column":81}},{"start":{"line":27,"column":69},"end":{"line":27,"column":null}}],"line":27}},"s":{"0":1,"1":4,"2":3,"3":12},"f":{"0":4,"1":3,"2":12},"b":{"0":[1,2],"1":[1,2]},"meta":{"lastBranch":2,"lastFunction":3,"lastStatement":4,"seen":{"s:13:6:13:Infinity":0,"f:13:6:13:21":0,"s:13:38:13:Infinity":1,"f:15:24:15:32":1,"s:16:2:29:Infinity":2,"f:19:14:19:19":2,"s:20:10:22:Infinity":3,"b:26:23:26:85:26:73:26:Infinity":0,"b:27:19:27:81:27:69:27:Infinity":1},"fnNames":{}}}
,"/workspace/soundconvert/services/frontend/app/components/jobs/job.tsx": {"path":"/workspace/soundconvert/services/frontend/app/components/jobs/job.tsx","statementMap":{"0":{"start":{"line":15,"column":6},"end":{"line":15,"column":null}},"1":{"start":{"line":16,"column":26},"end":{"line":16,"column":null}},"2":{"start":{"line":17,"column":19},"end":{"line":17,"column":35}},"3":{"start":{"line":18,"column":21},"end":{"line":18,"column":null}},"4":{"start":{"line":20,"column":2},"end":{"line":30,"column":null}},"5":{"start":{"line":21,"column":4},"end":{"line":29,"column":null}},"6":{"start":{"line":33,"column":4},"end":{"line":33,"column":null}},"7":{"start":{"line":34,"column":4},"end":{"line":34,"column":null}},"8":{"start":{"line":37,"column":2},"end":{"line":69,"column":null}},"9":{"start":{"line":43,"column":68},"end":{"line":43,"column":93}},"10":{"start":{"line":54,"column":12},"end":{"line":59,"column":null}}},"fnMap":{"0":{"name":"Job","decl":{"start":{"line":12,"column":24},"end":{"line":12,"column":28}},"loc":{"start":{"line":12,"column":47},"end":{"line":71,"column":null}},"line":12},"1":{"name":"(anonymous_1)","decl":{"start":{"line":20,"column":2},"end":{"line":20,"column":18}},"loc":{"start":{"line":20,"column":18},"end":{"line":30,"column":5}},"line":20},"2":{"name":"deleteJobCallback","decl":{"start":{"line":32,"column":17},"end":{"line":32,"column":35}},"loc":{"start":{"line":32,"column":49},"end":{"line":35,"column":null}},"line":32},"3":{"name":"(anonymous_3)","decl":{"start":{"line":43,"column":58},"end":{"line":43,"column":68}},"loc":{"start":{"line":43,"column":68},"end":{"line":43,"column":93}},"line":43},"4":{"name":"(anonymous_4)","decl":{"start":{"line":53,"column":21},"end":{"line":53,"column":26}},"loc":{"start":{"line":54,"column":12},"end":{"line":59,"column":null}},"line":54}},"branchMap":{"0":{"loc":{"start":{"line":18,"column":21},"end":{"line":18,"column":null}},"type":"binary-expr","locations":[{"start":{"line":18,"column":21},"end":{"line":18,"column":50}},{"start":{"line":18,"column":50},"end":{"line":18,"column":null}}],"line":18},"1":{"loc":{"start":{"line":40,"column":31},"end":{"line":40,"column":61}},"type":"cond-expr","locations":[{"start":{"line":40,"column":41},"end":{"line":40,"column":58}},{"start":{"line":40,"column":58},"end":{"line":40,"column":61}}],"line":40},"2":{"loc":{"start":{"line":44,"column":9},"end":{"line":45,"column":null}},"type":"binary-expr","locations":[{"start":{"line":44,"column":9},"end":{"line":44,"column":24}},{"start":{"line":44,"column":24},"end":{"line":45,"column":null}}],"line":44},"3":{"loc":{"start":{"line":55,"column":50},"end":{"line":55,"column":null}},"type":"cond-expr","locations":[{"start":{"line":55,"column":59},"end":{"line":55,"column":68}},{"start":{"line":55,"column":68},"end":{"line":55,"column":null}}],"line":55},"4":{"loc":{"start":{"line":56,"column":17},"end":{"line":56,"column":null}},"type":"cond-expr","locations":[{"start":{"line":56,"column":26},"end":{"line":56,"column":37}},{"start":{"line":56,"column":37},"end":{"line":56,"column":null}}],"line":56}},"s":{"0":6,"1":6,"2":6,"3":6,"4":6,"5":3,"6":0,"7":0,"8":6,"9":0,"10":12},"f":{"0":6,"1":3,"2":0,"3":0,"4":12},"b":{"0":[6,2],"1":[0,6],"2":[6,2],"3":[6,6],"4":[6,6]},"meta":{"lastBranch":5,"lastFunction":5,"lastStatement":11,"seen":{"f:12:24:12:28":0,"s:15:6:15:Infinity":0,"s:16:26:16:Infinity":1,"s:17:19:17:35":2,"s:18:21:18:Infinity":3,"b:18:21:18:50:18:50:18:Infinity":0,"s:20:2:30:Infinity":4,"f:20:2:20:18":1,"s:21:4:29:Infinity":5,"f:32:17:32:35":2,"s:33:4:33:Infinity":6,"s:34:4:34:Infinity":7,"s:37:2:69:Infinity":8,"b:40:41:40:58:40:58:40:61":1,"f:43:58:43:68":3,"s:43:68:43:93":9,"b:44:9:44:24:44:24:45:Infinity":2,"f:53:21:53:26":4,"s:54:12:59:Infinity":10,"b:55:59:55:68:55:68:55:Infinity":3,"b:56:26:56:37:56:37:56:Infinity":4},"fnNames":{}}}
,"/workspace/soundconvert/services/frontend/app/components/jobs/label-text.tsx": {"path":"/workspace/soundconvert/services/frontend/app/components/jobs/label-text.tsx","statementMap":{"0":{"start":{"line":9,"column":13},"end":{"line":9,"column":19}},"1":{"start":{"line":10,"column":2},"end":{"line":16,"column":null}}},"fnMap":{"0":{"name":"LabelText","decl":{"start":{"line":8,"column":24},"end":{"line":8,"column":34}},"loc":{"start":{"line":8,"column":67},"end":{"line":18,"column":null}},"line":8}},"branchMap":{},"s":{"0":13,"1":13},"f":{"0":13},"b":{},"meta":{"lastBranch":0,"lastFunction":1,"lastStatement":2,"seen":{"f:8:24:8:34":0,"s:9:13:9:19":0,"s:10:2:16:Infinity":1},"fnNames":{}}}
,"/workspace/soundconvert/services/frontend/app/components/nav/nav-button.tsx": {"path":"/workspace/soundconvert/services/frontend/app/components/nav/nav-button.tsx","statementMap":{"0":{"start":{"line":9,"column":2},"end":{"line":16,"column":null}}},"fnMap":{"0":{"name":"NavButton","decl":{"start":{"line":8,"column":24},"end":{"line":8,"column":34}},"loc":{"start":{"line":8,"column":65},"end":{"line":18,"column":null}},"line":8}},"branchMap":{},"s":{"0":3},"f":{"0":3},"b":{},"meta":{"lastBranch":0,"lastFunction":1,"lastStatement":1,"seen":{"f:8:24:8:34":0,"s:9:2:16:Infinity":0},"fnNames":{}}}
,"/workspace/soundconvert/services/frontend/app/components/nav/nav.tsx": {"path":"/workspace/soundconvert/services/frontend/app/components/nav/nav.tsx","statementMap":{"0":{"start":{"line":4,"column":2},"end":{"line":8,"column":null}}},"fnMap":{"0":{"name":"Navigation","decl":{"start":{"line":3,"column":24},"end":{"line":3,"column":37}},"loc":{"start":{"line":3,"column":37},"end":{"line":10,"column":null}},"line":3}},"branchMap":{},"s":{"0":1},"f":{"0":1},"b":{},"meta":{"lastBranch":0,"lastFunction":1,"lastStatement":1,"seen":{"f:3:24:3:37":0,"s:4:2:8:Infinity":0},"fnNames":{}}}
,"/workspace/soundconvert/services/frontend/app/routes/sse.tsx": {"path":"/workspace/soundconvert/services/frontend/app/routes/sse.tsx","statementMap":{"0":{"start":{"line":11,"column":23},"end":{"line":11,"column":null}},"1":{"start":{"line":13,"column":6},"end":{"line":20,"column":null}},"2":{"start":{"line":14,"column":2},"end":{"line":20,"column":null}},"3":{"start":{"line":15,"column":17},"end":{"line":15,"column":30}},"4":{"start":{"line":16,"column":21},"end":{"line":16,"column":null}},"5":{"start":{"line":17,"column":23},"end":{"line":17,"column":null}},"6":{"start":{"line":18,"column":4},"end":{"line":18,"column":null}},"7":{"start":{"line":19,"column":4},"end":{"line":19,"column":null}},"8":{"start":{"line":23,"column":33},"end":{"line":27,"column":null}},"9":{"start":{"line":26,"column":18},"end":{"line":26,"column":null}},"10":{"start":{"line":29,"column":18},"end":{"line":29,"column":null}},"11":{"start":{"line":30,"column":17},"end":{"line":43,"column":null}},"12":{"start":{"line":32,"column":6},"end":{"line":35,"column":null}},"13":{"start":{"line":33,"column":8},"end":{"line":33,"column":null}},"14":{"start":{"line":33,"column":31},"end":{"line":33,"column":null}},"15":{"start":{"line":34,"column":8},"end":{"line":34,"column":null}},"16":{"start":{"line":36,"column":23},"end":{"line":36,"column":null}},"17":{"start":{"line":37,"column":6},"end":{"line":41,"column":null}},"18":{"start":{"line":38,"column":8},"end":{"line":38,"column":null}},"19":{"start":{"line":39,"column":8},"end":{"line":39,"column":null}},"20":{"start":{"line":40,"column":8},"end":{"line":40,"column":null}},"21":{"start":{"line":45,"column":2},"end":{"line":51,"column":null}}},"fnMap":{"0":{"name":"(anonymous_0)","decl":{"start":{"line":13,"column":6},"end":{"line":13,"column":26}},"loc":{"start":{"line":14,"column":2},"end":{"line":20,"column":null}},"line":14},"1":{"name":"(anonymous_1)","decl":{"start":{"line":14,"column":14},"end":{"line":14,"column":26}},"loc":{"start":{"line":14,"column":26},"end":{"line":20,"column":5}},"line":14},"2":{"name":"action","decl":{"start":{"line":22,"column":16},"end":{"line":22,"column":23}},"loc":{"start":{"line":22,"column":54},"end":{"line":52,"column":null}},"line":22},"3":{"name":"(anonymous_3)","decl":{"start":{"line":26,"column":4},"end":{"line":26,"column":18}},"loc":{"start":{"line":26,"column":18},"end":{"line":26,"column":null}},"line":26},"4":{"name":"start","decl":{"start":{"line":31,"column":4},"end":{"line":31,"column":10}},"loc":{"start":{"line":31,"column":22},"end":{"line":42,"column":null}},"line":31},"5":{"name":"(anonymous_5)","decl":{"start":{"line":32,"column":17},"end":{"line":32,"column":27}},"loc":{"start":{"line":32,"column":44},"end":{"line":35,"column":null}},"line":32},"6":{"name":"(anonymous_6)","decl":{"start":{"line":37,"column":38},"end":{"line":37,"column":53}},"loc":{"start":{"line":37,"column":53},"end":{"line":41,"column":7}},"line":37}},"branchMap":{"0":{"loc":{"start":{"line":33,"column":8},"end":{"line":33,"column":null}},"type":"if","locations":[{"start":{"line":33,"column":8},"end":{"line":33,"column":null}},{"start":{},"end":{}}],"line":33}},"s":{"0":1,"1":1,"2":1,"3":1,"4":1,"5":1,"6":1,"7":1,"8":1,"9":0,"10":1,"11":1,"12":1,"13":1,"14":0,"15":1,"16":1,"17":1,"18":1,"19":1,"20":1,"21":1},"f":{"0":1,"1":1,"2":1,"3":0,"4":1,"5":1,"6":1},"b":{"0":[0,1]},"meta":{"lastBranch":1,"lastFunction":7,"lastStatement":22,"seen":{"s:11:23:11:Infinity":0,"s:13:6:20:Infinity":1,"f:13:6:13:26":0,"s:14:2:20:Infinity":2,"f:14:14:14:26":1,"s:15:17:15:30":3,"s:16:21:16:Infinity":4,"s:17:23:17:Infinity":5,"s:18:4:18:Infinity":6,"s:19:4:19:Infinity":7,"f:22:16:22:23":2,"s:23:33:27:Infinity":8,"f:26:4:26:18":3,"s:26:18:26:Infinity":9,"s:29:18:29:Infinity":10,"s:30:17:43:Infinity":11,"f:31:4:31:10":4,"s:32:6:35:Infinity":12,"f:32:17:32:27":5,"b:33:8:33:Infinity:undefined:undefined:undefined:undefined":0,"s:33:8:33:Infinity":13,"s:33:31:33:Infinity":14,"s:34:8:34:Infinity":15,"s:36:23:36:Infinity":16,"s:37:6:41:Infinity":17,"f:37:38:37:53":6,"s:38:8:38:Infinity":18,"s:39:8:39:Infinity":19,"s:40:8:40:Infinity":20,"s:45:2:51:Infinity":21},"fnNames":{}}}
,"/workspace/soundconvert/services/frontend/app/services/env/env.ts": {"path":"/workspace/soundconvert/services/frontend/app/services/env/env.ts","statementMap":{"0":{"start":{"line":1,"column":17},"end":{"line":1,"column":null}},"1":{"start":{"line":2,"column":17},"end":{"line":2,"column":null}},"2":{"start":{"line":4,"column":0},"end":{"line":9,"column":null}},"3":{"start":{"line":5,"column":2},"end":{"line":5,"column":null}},"4":{"start":{"line":8,"column":2},"end":{"line":8,"column":null}},"5":{"start":{"line":11,"column":13},"end":{"line":11,"column":null}},"6":{"start":{"line":12,"column":13},"end":{"line":12,"column":null}},"7":{"start":{"line":14,"column":12},"end":{"line":14,"column":null}},"8":{"start":{"line":15,"column":0},"end":{"line":18,"column":null}},"9":{"start":{"line":16,"column":2},"end":{"line":16,"column":null}},"10":{"start":{"line":17,"column":2},"end":{"line":17,"column":null}},"11":{"start":{"line":20,"column":18},"end":{"line":20,"column":null}},"12":{"start":{"line":23,"column":2},"end":{"line":23,"column":null}}},"fnMap":{"0":{"name":"getTargetUrl","decl":{"start":{"line":22,"column":9},"end":{"line":22,"column":24}},"loc":{"start":{"line":22,"column":24},"end":{"line":24,"column":null}},"line":22}},"branchMap":{"0":{"loc":{"start":{"line":14,"column":40},"end":{"line":14,"column":61}},"type":"cond-expr","locations":[{"start":{"line":14,"column":47},"end":{"line":14,"column":52}},{"start":{"line":14,"column":52},"end":{"line":14,"column":61}}],"line":14},"1":{"loc":{"start":{"line":14,"column":64},"end":{"line":14,"column":null}},"type":"cond-expr","locations":[{"start":{"line":14,"column":71},"end":{"line":14,"column":76}},{"start":{"line":14,"column":76},"end":{"line":14,"column":null}}],"line":14},"2":{"loc":{"start":{"line":15,"column":0},"end":{"line":18,"column":null}},"type":"if","locations":[{"start":{"line":15,"column":0},"end":{"line":18,"column":null}},{"start":{},"end":{}}],"line":15},"3":{"loc":{"start":{"line":15,"column":4},"end":{"line":15,"column":20}},"type":"binary-expr","locations":[{"start":{"line":15,"column":4},"end":{"line":15,"column":13}},{"start":{"line":15,"column":13},"end":{"line":15,"column":20}}],"line":15}},"s":{"0":1,"1":1,"2":1,"3":1,"4":0,"5":1,"6":1,"7":1,"8":1,"9":0,"10":0,"11":1,"12":1},"f":{"0":1},"b":{"0":[1,0],"1":[1,0],"2":[0,1],"3":[1,1]},"meta":{"lastBranch":4,"lastFunction":1,"lastStatement":13,"seen":{"s:1:17:1:Infinity":0,"s:2:17:2:Infinity":1,"s:4:0:9:Infinity":2,"s:5:2:5:Infinity":3,"s:8:2:8:Infinity":4,"s:11:13:11:Infinity":5,"s:12:13:12:Infinity":6,"s:14:12:14:Infinity":7,"b:14:47:14:52:14:52:14:61":0,"b:14:71:14:76:14:76:14:Infinity":1,"b:15:0:18:Infinity:undefined:undefined:undefined:undefined":2,"s:15:0:18:Infinity":8,"b:15:4:15:13:15:13:15:20":3,"s:16:2:16:Infinity":9,"s:17:2:17:Infinity":10,"s:20:18:20:Infinity":11,"f:22:9:22:24":0,"s:23:2:23:Infinity":12},"fnNames":{}}}
,"/workspace/soundconvert/services/frontend/app/services/upload/upload.ts": {"path":"/workspace/soundconvert/services/frontend/app/services/upload/upload.ts","statementMap":{"0":{"start":{"line":3,"column":12},"end":{"line":3,"column":null}},"1":{"start":{"line":6,"column":2},"end":{"line":6,"column":null}},"2":{"start":{"line":10,"column":2},"end":{"line":12,"column":null}},"3":{"start":{"line":11,"column":4},"end":{"line":11,"column":null}},"4":{"start":{"line":14,"column":32},"end":{"line":14,"column":null}},"5":{"start":{"line":16,"column":2},"end":{"line":22,"column":null}},"6":{"start":{"line":17,"column":4},"end":{"line":17,"column":null}},"7":{"start":{"line":19,"column":16},"end":{"line":19,"column":null}},"8":{"start":{"line":20,"column":4},"end":{"line":20,"column":null}},"9":{"start":{"line":21,"column":4},"end":{"line":21,"column":null}},"10":{"start":{"line":24,"column":2},"end":{"line":33,"column":null}},"11":{"start":{"line":25,"column":23},"end":{"line":25,"column":null}},"12":{"start":{"line":26,"column":4},"end":{"line":26,"column":null}},"13":{"start":{"line":27,"column":4},"end":{"line":32,"column":null}},"14":{"start":{"line":29,"column":8},"end":{"line":29,"column":null}},"15":{"start":{"line":31,"column":8},"end":{"line":31,"column":null}}},"fnMap":{"0":{"name":"logError","decl":{"start":{"line":5,"column":9},"end":{"line":5,"column":18}},"loc":{"start":{"line":5,"column":31},"end":{"line":7,"column":null}},"line":5},"1":{"name":"upload","decl":{"start":{"line":9,"column":15},"end":{"line":9,"column":22}},"loc":{"start":{"line":9,"column":51},"end":{"line":34,"column":null}},"line":9}},"branchMap":{"0":{"loc":{"start":{"line":24,"column":2},"end":{"line":33,"column":null}},"type":"if","locations":[{"start":{"line":24,"column":2},"end":{"line":33,"column":null}},{"start":{},"end":{}}],"line":24},"1":{"loc":{"start":{"line":24,"column":6},"end":{"line":24,"column":28}},"type":"binary-expr","locations":[{"start":{"line":24,"column":6},"end":{"line":24,"column":16}},{"start":{"line":24,"column":16},"end":{"line":24,"column":28}}],"line":24},"2":{"loc":{"start":{"line":27,"column":4},"end":{"line":32,"column":null}},"type":"switch","locations":[{"start":{"line":28,"column":6},"end":{"line":29,"column":null}},{"start":{"line":30,"column":6},"end":{"line":31,"column":null}}],"line":27}},"s":{"0":1,"1":3,"2":4,"3":8,"4":4,"5":4,"6":4,"7":0,"8":0,"9":0,"10":4,"11":3,"12":3,"13":3,"14":1,"15":2},"f":{"0":3,"1":4},"b":{"0":[3,1],"1":[4,4],"2":[1,2]},"meta":{"lastBranch":3,"lastFunction":2,"lastStatement":16,"seen":{"s:3:12:3:Infinity":0,"f:5:9:5:18":0,"s:6:2:6:Infinity":1,"f:9:15:9:22":1,"s:10:2:12:Infinity":2,"s:11:4:11:Infinity":3,"s:14:32:14:Infinity":4,"s:16:2:22:Infinity":5,"s:17:4:17:Infinity":6,"s:19:16:19:Infinity":7,"s:20:4:20:Infinity":8,"s:21:4:21:Infinity":9,"b:24:2:33:Infinity:undefined:undefined:undefined:undefined":0,"s:24:2:33:Infinity":10,"b:24:6:24:16:24:16:24:28":1,"s:25:23:25:Infinity":11,"s:26:4:26:Infinity":12,"b:28:6:29:Infinity:30:6:31:Infinity":2,"s:27:4:32:Infinity":13,"s:29:8:29:Infinity":14,"s:31:8:31:Infinity":15},"fnNames":{}}}
,"/workspace/soundconvert/services/frontend/app/state/jobs-context.tsx": {"path":"/workspace/soundconvert/services/frontend/app/state/jobs-context.tsx","statementMap":{"0":{"start":{"line":18,"column":2},"end":{"line":30,"column":null}},"1":{"start":{"line":20,"column":6},"end":{"line":20,"column":null}},"2":{"start":{"line":20,"column":32},"end":{"line":20,"column":54}},"3":{"start":{"line":23,"column":18},"end":{"line":23,"column":null}},"4":{"start":{"line":23,"column":42},"end":{"line":23,"column":66}},"5":{"start":{"line":24,"column":6},"end":{"line":24,"column":null}},"6":{"start":{"line":25,"column":6},"end":{"line":25,"column":null}},"7":{"start":{"line":28,"column":6},"end":{"line":28,"column":null}},"8":{"start":{"line":33,"column":20},"end":{"line":33,"column":null}},"9":{"start":{"line":34,"column":28},"end":{"line":34,"column":null}},"10":{"start":{"line":37,"column":27},"end":{"line":37,"column":null}},"11":{"start":{"line":39,"column":2},"end":{"line":42,"column":null}},"12":{"start":{"line":47,"column":2},"end":{"line":47,"column":null}},"13":{"start":{"line":51,"column":2},"end":{"line":51,"column":null}}},"fnMap":{"0":{"name":"jobsReducer","decl":{"start":{"line":17,"column":9},"end":{"line":17,"column":21}},"loc":{"start":{"line":17,"column":54},"end":{"line":31,"column":null}},"line":17},"1":{"name":"(anonymous_1)","decl":{"start":{"line":20,"column":18},"end":{"line":20,"column":26}},"loc":{"start":{"line":20,"column":32},"end":{"line":20,"column":54}},"line":20},"2":{"name":"(anonymous_2)","decl":{"start":{"line":23,"column":23},"end":{"line":23,"column":34}},"loc":{"start":{"line":23,"column":42},"end":{"line":23,"column":66}},"line":23},"3":{"name":"JobsProvider","decl":{"start":{"line":36,"column":9},"end":{"line":36,"column":22}},"loc":{"start":{"line":36,"column":97},"end":{"line":44,"column":null}},"line":36},"4":{"name":"getJobs","decl":{"start":{"line":46,"column":9},"end":{"line":46,"column":19}},"loc":{"start":{"line":46,"column":19},"end":{"line":48,"column":null}},"line":46},"5":{"name":"getJobsDispatch","decl":{"start":{"line":50,"column":9},"end":{"line":50,"column":27}},"loc":{"start":{"line":50,"column":27},"end":{"line":52,"column":null}},"line":50}},"branchMap":{"0":{"loc":{"start":{"line":18,"column":2},"end":{"line":30,"column":null}},"type":"switch","locations":[{"start":{"line":19,"column":4},"end":{"line":21,"column":null}},{"start":{"line":22,"column":4},"end":{"line":26,"column":null}},{"start":{"line":27,"column":4},"end":{"line":29,"column":null}}],"line":18}},"s":{"0":2,"1":1,"2":3,"3":1,"4":1,"5":1,"6":1,"7":0,"8":3,"9":3,"10":2,"11":2,"12":4,"13":8},"f":{"0":2,"1":3,"2":1,"3":2,"4":4,"5":8},"b":{"0":[1,1,0]},"meta":{"lastBranch":1,"lastFunction":6,"lastStatement":14,"seen":{"f:17:9:17:21":0,"b:19:4:21:Infinity:22:4:26:Infinity:27:4:29:Infinity":0,"s:18:2:30:Infinity":0,"s:20:6:20:Infinity":1,"f:20:18:20:26":1,"s:20:32:20:54":2,"s:23:18:23:Infinity":3,"f:23:23:23:34":2,"s:23:42:23:66":4,"s:24:6:24:Infinity":5,"s:25:6:25:Infinity":6,"s:28:6:28:Infinity":7,"s:33:20:33:Infinity":8,"s:34:28:34:Infinity":9,"f:36:9:36:22":3,"s:37:27:37:Infinity":10,"s:39:2:42:Infinity":11,"f:46:9:46:19":4,"s:47:2:47:Infinity":12,"f:50:9:50:27":5,"s:51:2:51:Infinity":13},"fnNames":{}}}
,"/workspace/soundconvert/services/frontend/app/utils/error.ts": {"path":"/workspace/soundconvert/services/frontend/app/utils/error.ts","statementMap":{"0":{"start":{"line":2,"column":2},"end":{"line":2,"column":null}}},"fnMap":{"0":{"name":"getErrorMsg","decl":{"start":{"line":1,"column":9},"end":{"line":1,"column":21}},"loc":{"start":{"line":1,"column":33},"end":{"line":3,"column":null}},"line":1}},"branchMap":{"0":{"loc":{"start":{"line":2,"column":9},"end":{"line":2,"column":null}},"type":"cond-expr","locations":[{"start":{"line":2,"column":30},"end":{"line":2,"column":42}},{"start":{"line":2,"column":42},"end":{"line":2,"column":null}}],"line":2}},"s":{"0":2},"f":{"0":2},"b":{"0":[1,1]},"meta":{"lastBranch":1,"lastFunction":1,"lastStatement":1,"seen":{"f:1:9:1:21":0,"s:2:2:2:Infinity":0,"b:2:30:2:42:2:42:2:Infinity":0},"fnNames":{}}}
,"/workspace/soundconvert/services/frontend/tests/components/job-factory.ts": {"path":"/workspace/soundconvert/services/frontend/tests/components/job-factory.ts","statementMap":{"0":{"start":{"line":3,"column":28},"end":{"line":14,"column":null}},"1":{"start":{"line":17,"column":25},"end":{"line":17,"column":null}},"2":{"start":{"line":18,"column":2},"end":{"line":24,"column":null}},"3":{"start":{"line":18,"column":15},"end":{"line":18,"column":18}},"4":{"start":{"line":19,"column":4},"end":{"line":23,"column":null}},"5":{"start":{"line":25,"column":2},"end":{"line":25,"column":null}}},"fnMap":{"0":{"name":"createJobs","decl":{"start":{"line":16,"column":9},"end":{"line":16,"column":20}},"loc":{"start":{"line":16,"column":56},"end":{"line":26,"column":null}},"line":16}},"branchMap":{"0":{"loc":{"start":{"line":22,"column":17},"end":{"line":22,"column":null}},"type":"cond-expr","locations":[{"start":{"line":22,"column":29},"end":{"line":22,"column":52}},{"start":{"line":22,"column":52},"end":{"line":22,"column":null}}],"line":22}},"s":{"0":2,"1":2,"2":2,"3":2,"4":12,"5":2},"f":{"0":2},"b":{"0":[0,12]},"meta":{"lastBranch":1,"lastFunction":1,"lastStatement":6,"seen":{"s:3:28:14:Infinity":0,"f:16:9:16:20":0,"s:17:25:17:Infinity":1,"s:18:2:24:Infinity":2,"s:18:15:18:18":3,"s:19:4:23:Infinity":4,"b:22:29:22:52:22:52:22:Infinity":0,"s:25:2:25:Infinity":5},"fnNames":{}}}
}
